<?xml version="1.0" encoding="UTF-8"?>
<!-- Generated by org.testng.reporters.JUnitReportReporter -->
<testsuite skipped="0" hostname="WINDOWS-R2Q7378" name="webstaurantstore.test.AutomationAssignmentTest" tests="1" failures="0" timestamp="17 Dec 2019 04:31:44 GMT" time="24.551" errors="0">
  <testcase name="testCases" time="24.551" classname="webstaurantstore.test.AutomationAssignmentTest"/>
</testsuite> <!-- webstaurantstore.test.AutomationAssignmentTest -->
