<?xml version="1.0" encoding="UTF-8"?>
<!-- Generated by org.testng.reporters.JUnitReportReporter -->
<testsuite skipped="0" hostname="WINDOWS-R2Q7378" name="Test.AutomationAssignmentTest" tests="1" failures="0" timestamp="15 Dec 2019 22:33:08 GMT" time="22.649" errors="0">
  <testcase name="testCases" time="22.649" classname="Test.AutomationAssignmentTest"/>
</testsuite> <!-- Test.AutomationAssignmentTest -->
